<?xml version="1.0" encoding="utf-8"?><testsuites name="pytest tests"><testsuite name="pytest" errors="0" failures="0" skipped="0" tests="17" time="5.264" timestamp="2026-04-19T03:59:43.890613+00:00" hostname="agent-env-4f888a11-b9cc-4157-b926-c072fde08d9b"><testcase classname="backend.tests.phase2_backend_test.TestCaptcha" name="test_captcha_returns_recaptcha_mode" time="0.176" /><testcase classname="backend.tests.phase2_backend_test.TestRegisterInvalidRecaptcha" name="test_register_invalid_recaptcha_returns_400" time="0.189" /><testcase classname="backend.tests.phase2_backend_test.TestSeededLogin" name="test_admin_login" time="0.428" /><testcase classname="backend.tests.phase2_backend_test.TestSeededLogin" name="test_coder_login" time="0.452" /><testcase classname="backend.tests.phase2_backend_test.TestCMS" name="test_cms_status_authenticated" time="0.107" /><testcase classname="backend.tests.phase2_backend_test.TestCMS" name="test_cms_refresh_non_admin_forbidden" time="0.121" /><testcase classname="backend.tests.phase2_backend_test.TestCMS" name="test_cms_refresh_admin" time="0.962" /><testcase classname="backend.tests.phase2_backend_test.TestCMS" name="test_cms_status_after_refresh_populated" time="0.102" /><testcase classname="backend.tests.phase2_backend_test.TestPDFExport" name="test_pdf_happy_path" time="0.443" /><testcase classname="backend.tests.phase2_backend_test.TestPDFExport" name="test_pdf_unprocessed_returns_400" time="0.207" /><testcase classname="backend.tests.phase2_backend_test.TestPDFExport" name="test_pdf_requires_auth" time="0.463" /><testcase classname="backend.tests.phase2_backend_test.TestExpandedCatalog" name="test_expanded_icd10_five_distinct_codes" time="0.514" /><testcase classname="backend.tests.phase2_backend_test.TestExpandedCatalog" name="test_expanded_cpt_five_codes" time="0.435" /><testcase classname="backend.tests.phase2_backend_test.TestAdminApproveEmail" name="test_approve_nonexistent_user_returns_404_not_500" time="0.113" /><testcase classname="backend.tests.phase2_backend_test.TestAdminApproveEmail" name="test_approve_existing_coder_idempotent_no_500" time="0.458" /><testcase classname="backend.tests.phase2_backend_test.TestCORS" name="test_cors_preflight_returns_configured_origin_direct" time="0.002" /><testcase classname="backend.tests.phase2_backend_test.TestCORS" name="test_cors_disallowed_origin_rejected_direct" time="0.001" /></testsuite></testsuites>