<?xml version="1.0" encoding="utf-8"?><testsuites name="pytest tests"><testsuite name="pytest" errors="0" failures="0" skipped="0" tests="27" time="13.430" timestamp="2026-04-19T03:26:15.683753+00:00" hostname="agent-env-4f888a11-b9cc-4157-b926-c072fde08d9b"><testcase classname="backend.tests.backend_test.TestHealth" name="test_root" time="0.136" /><testcase classname="backend.tests.backend_test.TestHealth" name="test_captcha" time="0.155" /><testcase classname="backend.tests.backend_test.TestRegistrationFlow" name="test_01_register" time="0.664" /><testcase classname="backend.tests.backend_test.TestRegistrationFlow" name="test_02_verify_otp" time="0.123" /><testcase classname="backend.tests.backend_test.TestRegistrationFlow" name="test_03_confirm_mfa" time="0.136" /><testcase classname="backend.tests.backend_test.TestRegistrationFlow" name="test_04_pending_login_blocked" time="0.326" /><testcase classname="backend.tests.backend_test.TestValidation" name="test_weak_password" time="0.210" /><testcase classname="backend.tests.backend_test.TestValidation" name="test_bad_npi" time="0.218" /><testcase classname="backend.tests.backend_test.TestValidation" name="test_bad_ein" time="0.213" /><testcase classname="backend.tests.backend_test.TestValidation" name="test_bad_captcha" time="0.262" /><testcase classname="backend.tests.backend_test.TestAdmin" name="test_me_admin" time="0.457" /><testcase classname="backend.tests.backend_test.TestAdmin" name="test_pending_list" time="0.111" /><testcase classname="backend.tests.backend_test.TestAdmin" name="test_audit_log" time="0.111" /><testcase classname="backend.tests.backend_test.TestAdmin" name="test_approve_reject_flow" time="2.637" /><testcase classname="backend.tests.backend_test.TestLoginEdges" name="test_wrong_password" time="0.332" /><testcase classname="backend.tests.backend_test.TestLoginEdges" name="test_lockout_after_5_fails" time="2.440" /><testcase classname="backend.tests.backend_test.TestLoginEdges" name="test_refresh_token" time="0.450" /><testcase classname="backend.tests.backend_test.TestLoginEdges" name="test_lockout_reset_on_success" time="1.420" /><testcase classname="backend.tests.backend_test.TestSettings" name="test_change_password_wrong_current" time="0.674" /><testcase classname="backend.tests.backend_test.TestSettings" name="test_change_password_and_revert" time="1.483" /><testcase classname="backend.tests.backend_test.TestCodingWorkflow" name="test_create_session_invalid_claim" time="0.120" /><testcase classname="backend.tests.backend_test.TestCodingWorkflow" name="test_create_session" time="0.113" /><testcase classname="backend.tests.backend_test.TestCodingWorkflow" name="test_upload_file" time="0.115" /><testcase classname="backend.tests.backend_test.TestCodingWorkflow" name="test_process_session" time="0.121" /><testcase classname="backend.tests.backend_test.TestCodingWorkflow" name="test_list_sessions_max2" time="0.105" /><testcase classname="backend.tests.backend_test.TestCodingWorkflow" name="test_get_session_detail" time="0.115" /><testcase classname="backend.tests.backend_test.TestCodingWorkflow" name="test_admin_can_also_code" time="0.112" /></testsuite></testsuites>